<?xml version="1.0" encoding="UTF-8"?>
<!-- Generated by org.testng.reporters.JUnitReportReporter -->
<testsuite hostname="LAPTOP-35PU116A" name="com.sellab.SampleProg.sampleTest" tests="1" failures="0" timestamp="1 Apr 2020 10:25:13 GMT" time="0.015" errors="0">
  <testcase name="name" time="0.015" classname="com.sellab.SampleProg.sampleTest"/>
</testsuite> <!-- com.sellab.SampleProg.sampleTest -->
